<?xml version="1.0" encoding="UTF-8"?>
<!-- Generated by org.testng.reporters.JUnitReportReporter -->
<testsuite hostname="DESKTOP-QLLOF3M" failures="0" tests="1" name="seleniumFramework.Tests.ErrorValidation" time="3.899" errors="0" timestamp="2025-06-29T17:39:51 CEST" skipped="0">
  <testcase classname="seleniumFramework.Tests.ErrorValidation" name="submitOrder" time="3.899"/>
</testsuite> <!-- seleniumFramework.Tests.ErrorValidation -->
