<?xml version="1.0" encoding="UTF-8"?>
<!-- Generated by org.testng.reporters.JUnitReportReporter -->
<testsuite hostname="DESKTOP-QLLOF3M" failures="0" tests="4" name="seleniumFramework.Tests.SubmitOrderTest" time="19.852" errors="0" timestamp="2025-07-04T09:52:10 CEST" skipped="0">
  <testcase classname="seleniumFramework.Tests.SubmitOrderTest" name="orderHistoryTest" time="3.551"/>
  <testcase classname="seleniumFramework.Tests.SubmitOrderTest" name="orderHistoryTest" time="4.002"/>
  <testcase classname="seleniumFramework.Tests.SubmitOrderTest" name="submitOrder" time="6.205"/>
  <testcase classname="seleniumFramework.Tests.SubmitOrderTest" name="submitOrder" time="6.094"/>
</testsuite> <!-- seleniumFramework.Tests.SubmitOrderTest -->
