<?xml version="1.0" encoding="UTF-8"?>
<!-- Generated by org.testng.reporters.JUnitReportReporter -->
<testsuite hostname="DESKTOP-QLLOF3M" failures="0" tests="2" name="seleniumFramework.Tests.ErrorValidationTest" time="9.104" errors="0" timestamp="2025-07-04T09:52:10 CEST" skipped="0">
  <testcase classname="seleniumFramework.Tests.ErrorValidationTest" name="ProductErrorValidation" time="5.741"/>
  <testcase classname="seleniumFramework.Tests.ErrorValidationTest" name="loginErrorValidation" time="3.363"/>
</testsuite> <!-- seleniumFramework.Tests.ErrorValidationTest -->
