<?xml version="1.0" encoding="UTF-8"?>
<!-- Generated by org.testng.reporters.JUnitReportReporter -->
<testsuite hostname="DESKTOP-QLLOF3M" failures="0" tests="2" name="seleniumFramework.Tests.ErrorValidationTest" time="10.852" errors="0" timestamp="2025-07-13T13:42:15 CEST" skipped="0">
  <testcase classname="seleniumFramework.Tests.ErrorValidationTest" name="loginErrorValidation" time="5.205"/>
  <testcase classname="seleniumFramework.Tests.ErrorValidationTest" name="ProductErrorValidation" time="5.647"/>
</testsuite> <!-- seleniumFramework.Tests.ErrorValidationTest -->
