<?xml version="1.0" encoding="UTF-8"?>
<!-- Generated by org.testng.reporters.JUnitReportReporter -->
<testsuite hostname="DESKTOP-QLLOF3M" failures="0" tests="4" name="seleniumFramework.Tests.SubmitOrderTest" time="21.259" errors="0" timestamp="2025-07-13T13:42:15 CEST" skipped="0">
  <testcase classname="seleniumFramework.Tests.SubmitOrderTest" name="submitOrder" time="5.990"/>
  <testcase classname="seleniumFramework.Tests.SubmitOrderTest" name="orderHistoryTest" time="3.582"/>
  <testcase classname="seleniumFramework.Tests.SubmitOrderTest" name="submitOrder" time="8.100"/>
  <testcase classname="seleniumFramework.Tests.SubmitOrderTest" name="orderHistoryTest" time="3.587"/>
</testsuite> <!-- seleniumFramework.Tests.SubmitOrderTest -->
